

Started GET "/" for ::1 at 2016-02-16 12:12:37 -0500

ActiveRecord::NoDatabaseError (FATAL:  role "postgres" does not exist
):
  activerecord (4.2.0) lib/active_record/connection_adapters/postgresql_adapter.rb:661:in `rescue in connect'
  activerecord (4.2.0) lib/active_record/connection_adapters/postgresql_adapter.rb:651:in `connect'
  activerecord (4.2.0) lib/active_record/connection_adapters/postgresql_adapter.rb:242:in `initialize'
  activerecord (4.2.0) lib/active_record/connection_adapters/postgresql_adapter.rb:44:in `new'
  activerecord (4.2.0) lib/active_record/connection_adapters/postgresql_adapter.rb:44:in `postgresql_connection'
  activerecord (4.2.0) lib/active_record/connection_adapters/abstract/connection_pool.rb:436:in `new_connection'
  activerecord (4.2.0) lib/active_record/connection_adapters/abstract/connection_pool.rb:446:in `checkout_new_connection'
  activerecord (4.2.0) lib/active_record/connection_adapters/abstract/connection_pool.rb:422:in `acquire_connection'
  activerecord (4.2.0) lib/active_record/connection_adapters/abstract/connection_pool.rb:349:in `block in checkout'
  /Users/martincarreroschmidt/.rvm/rubies/ruby-2.2.3/lib/ruby/2.2.0/monitor.rb:211:in `mon_synchronize'
  activerecord (4.2.0) lib/active_record/connection_adapters/abstract/connection_pool.rb:348:in `checkout'
  activerecord (4.2.0) lib/active_record/connection_adapters/abstract/connection_pool.rb:263:in `block in connection'
  /Users/martincarreroschmidt/.rvm/rubies/ruby-2.2.3/lib/ruby/2.2.0/monitor.rb:211:in `mon_synchronize'
  activerecord (4.2.0) lib/active_record/connection_adapters/abstract/connection_pool.rb:262:in `connection'
  activerecord (4.2.0) lib/active_record/connection_adapters/abstract/connection_pool.rb:565:in `retrieve_connection'
  activerecord (4.2.0) lib/active_record/connection_handling.rb:113:in `retrieve_connection'
  activerecord (4.2.0) lib/active_record/connection_handling.rb:87:in `connection'
  activerecord (4.2.0) lib/active_record/migration.rb:384:in `connection'
  activerecord (4.2.0) lib/active_record/migration.rb:371:in `call'
  actionpack (4.2.0) lib/action_dispatch/middleware/callbacks.rb:29:in `block in call'
  activesupport (4.2.0) lib/active_support/callbacks.rb:88:in `call'
  activesupport (4.2.0) lib/active_support/callbacks.rb:88:in `_run_callbacks'
  activesupport (4.2.0) lib/active_support/callbacks.rb:734:in `_run_call_callbacks'
  activesupport (4.2.0) lib/active_support/callbacks.rb:81:in `run_callbacks'
  actionpack (4.2.0) lib/action_dispatch/middleware/callbacks.rb:27:in `call'
  actionpack (4.2.0) lib/action_dispatch/middleware/reloader.rb:73:in `call'
  actionpack (4.2.0) lib/action_dispatch/middleware/remote_ip.rb:78:in `call'
  actionpack (4.2.0) lib/action_dispatch/middleware/debug_exceptions.rb:17:in `call'
  web-console (2.1.2) lib/web_console/middleware.rb:37:in `call'
  actionpack (4.2.0) lib/action_dispatch/middleware/show_exceptions.rb:30:in `call'
  railties (4.2.0) lib/rails/rack/logger.rb:38:in `call_app'
  railties (4.2.0) lib/rails/rack/logger.rb:20:in `block in call'
  activesupport (4.2.0) lib/active_support/tagged_logging.rb:68:in `block in tagged'
  activesupport (4.2.0) lib/active_support/tagged_logging.rb:26:in `tagged'
  activesupport (4.2.0) lib/active_support/tagged_logging.rb:68:in `tagged'
  railties (4.2.0) lib/rails/rack/logger.rb:20:in `call'
  actionpack (4.2.0) lib/action_dispatch/middleware/request_id.rb:21:in `call'
  rack (1.6.0) lib/rack/methodoverride.rb:22:in `call'
  rack (1.6.0) lib/rack/runtime.rb:18:in `call'
  activesupport (4.2.0) lib/active_support/cache/strategy/local_cache_middleware.rb:28:in `call'
  rack (1.6.0) lib/rack/lock.rb:17:in `call'
  actionpack (4.2.0) lib/action_dispatch/middleware/static.rb:113:in `call'
  rack (1.6.0) lib/rack/sendfile.rb:113:in `call'
  railties (4.2.0) lib/rails/engine.rb:518:in `call'
  railties (4.2.0) lib/rails/application.rb:164:in `call'
  rack (1.6.0) lib/rack/content_length.rb:15:in `call'
  puma (2.11.0) lib/puma/server.rb:507:in `handle_request'
  puma (2.11.0) lib/puma/server.rb:375:in `process_client'
  puma (2.11.0) lib/puma/server.rb:262:in `block in run'
  puma (2.11.0) lib/puma/thread_pool.rb:104:in `call'
  puma (2.11.0) lib/puma/thread_pool.rb:104:in `block in spawn_thread'


  Rendered /Users/martincarreroschmidt/.rvm/gems/ruby-2.2.3/gems/actionpack-4.2.0/lib/action_dispatch/middleware/templates/rescues/_source.erb (2.4ms)
  Rendered /Users/martincarreroschmidt/.rvm/gems/ruby-2.2.3/gems/actionpack-4.2.0/lib/action_dispatch/middleware/templates/rescues/_trace.html.erb (1.1ms)
  Rendered /Users/martincarreroschmidt/.rvm/gems/ruby-2.2.3/gems/actionpack-4.2.0/lib/action_dispatch/middleware/templates/rescues/_request_and_response.html.erb (0.6ms)
  Rendered /Users/martincarreroschmidt/.rvm/gems/ruby-2.2.3/gems/actionpack-4.2.0/lib/action_dispatch/middleware/templates/rescues/diagnostics.html.erb within rescues/layout (41.7ms)
  Rendered /Users/martincarreroschmidt/.rvm/gems/ruby-2.2.3/gems/web-console-2.1.2/lib/web_console/templates/_markup.html.erb (0.3ms)
  Rendered /Users/martincarreroschmidt/.rvm/gems/ruby-2.2.3/gems/web-console-2.1.2/lib/web_console/templates/style.css.erb within layouts/inlined_string (0.2ms)
  Rendered /Users/martincarreroschmidt/.rvm/gems/ruby-2.2.3/gems/web-console-2.1.2/lib/web_console/templates/_inner_console_markup.html.erb within layouts/inlined_string (0.2ms)
  Rendered /Users/martincarreroschmidt/.rvm/gems/ruby-2.2.3/gems/web-console-2.1.2/lib/web_console/templates/_prompt_box_markup.html.erb within layouts/inlined_string (0.2ms)
  Rendered /Users/martincarreroschmidt/.rvm/gems/ruby-2.2.3/gems/web-console-2.1.2/lib/web_console/templates/console.js.erb within layouts/javascript (33.9ms)
  Rendered /Users/martincarreroschmidt/.rvm/gems/ruby-2.2.3/gems/web-console-2.1.2/lib/web_console/templates/main.js.erb within layouts/javascript (0.2ms)
  Rendered /Users/martincarreroschmidt/.rvm/gems/ruby-2.2.3/gems/web-console-2.1.2/lib/web_console/templates/error_page.js.erb within layouts/javascript (0.3ms)
  Rendered /Users/martincarreroschmidt/.rvm/gems/ruby-2.2.3/gems/web-console-2.1.2/lib/web_console/templates/index.html.erb (77.7ms)


Started GET "/" for ::1 at 2016-02-16 12:26:16 -0500

ActiveRecord::NoDatabaseError (FATAL:  database "coder-pinterest_development" does not exist
):
  activerecord (4.2.0) lib/active_record/connection_adapters/postgresql_adapter.rb:661:in `rescue in connect'
  activerecord (4.2.0) lib/active_record/connection_adapters/postgresql_adapter.rb:651:in `connect'
  activerecord (4.2.0) lib/active_record/connection_adapters/postgresql_adapter.rb:242:in `initialize'
  activerecord (4.2.0) lib/active_record/connection_adapters/postgresql_adapter.rb:44:in `new'
  activerecord (4.2.0) lib/active_record/connection_adapters/postgresql_adapter.rb:44:in `postgresql_connection'
  activerecord (4.2.0) lib/active_record/connection_adapters/abstract/connection_pool.rb:436:in `new_connection'
  activerecord (4.2.0) lib/active_record/connection_adapters/abstract/connection_pool.rb:446:in `checkout_new_connection'
  activerecord (4.2.0) lib/active_record/connection_adapters/abstract/connection_pool.rb:422:in `acquire_connection'
  activerecord (4.2.0) lib/active_record/connection_adapters/abstract/connection_pool.rb:349:in `block in checkout'
  /Users/martincarreroschmidt/.rvm/rubies/ruby-2.2.3/lib/ruby/2.2.0/monitor.rb:211:in `mon_synchronize'
  activerecord (4.2.0) lib/active_record/connection_adapters/abstract/connection_pool.rb:348:in `checkout'
  activerecord (4.2.0) lib/active_record/connection_adapters/abstract/connection_pool.rb:263:in `block in connection'
  /Users/martincarreroschmidt/.rvm/rubies/ruby-2.2.3/lib/ruby/2.2.0/monitor.rb:211:in `mon_synchronize'
  activerecord (4.2.0) lib/active_record/connection_adapters/abstract/connection_pool.rb:262:in `connection'
  activerecord (4.2.0) lib/active_record/connection_adapters/abstract/connection_pool.rb:565:in `retrieve_connection'
  activerecord (4.2.0) lib/active_record/connection_handling.rb:113:in `retrieve_connection'
  activerecord (4.2.0) lib/active_record/connection_handling.rb:87:in `connection'
  activerecord (4.2.0) lib/active_record/migration.rb:384:in `connection'
  activerecord (4.2.0) lib/active_record/migration.rb:371:in `call'
  actionpack (4.2.0) lib/action_dispatch/middleware/callbacks.rb:29:in `block in call'
  activesupport (4.2.0) lib/active_support/callbacks.rb:88:in `call'
  activesupport (4.2.0) lib/active_support/callbacks.rb:88:in `_run_callbacks'
  activesupport (4.2.0) lib/active_support/callbacks.rb:734:in `_run_call_callbacks'
  activesupport (4.2.0) lib/active_support/callbacks.rb:81:in `run_callbacks'
  actionpack (4.2.0) lib/action_dispatch/middleware/callbacks.rb:27:in `call'
  actionpack (4.2.0) lib/action_dispatch/middleware/reloader.rb:73:in `call'
  actionpack (4.2.0) lib/action_dispatch/middleware/remote_ip.rb:78:in `call'
  actionpack (4.2.0) lib/action_dispatch/middleware/debug_exceptions.rb:17:in `call'
  web-console (2.1.2) lib/web_console/middleware.rb:37:in `call'
  actionpack (4.2.0) lib/action_dispatch/middleware/show_exceptions.rb:30:in `call'
  railties (4.2.0) lib/rails/rack/logger.rb:38:in `call_app'
  railties (4.2.0) lib/rails/rack/logger.rb:20:in `block in call'
  activesupport (4.2.0) lib/active_support/tagged_logging.rb:68:in `block in tagged'
  activesupport (4.2.0) lib/active_support/tagged_logging.rb:26:in `tagged'
  activesupport (4.2.0) lib/active_support/tagged_logging.rb:68:in `tagged'
  railties (4.2.0) lib/rails/rack/logger.rb:20:in `call'
  actionpack (4.2.0) lib/action_dispatch/middleware/request_id.rb:21:in `call'
  rack (1.6.0) lib/rack/methodoverride.rb:22:in `call'
  rack (1.6.0) lib/rack/runtime.rb:18:in `call'
  activesupport (4.2.0) lib/active_support/cache/strategy/local_cache_middleware.rb:28:in `call'
  rack (1.6.0) lib/rack/lock.rb:17:in `call'
  actionpack (4.2.0) lib/action_dispatch/middleware/static.rb:113:in `call'
  rack (1.6.0) lib/rack/sendfile.rb:113:in `call'
  railties (4.2.0) lib/rails/engine.rb:518:in `call'
  railties (4.2.0) lib/rails/application.rb:164:in `call'
  rack (1.6.0) lib/rack/content_length.rb:15:in `call'
  puma (2.11.0) lib/puma/server.rb:507:in `handle_request'
  puma (2.11.0) lib/puma/server.rb:375:in `process_client'
  puma (2.11.0) lib/puma/server.rb:262:in `block in run'
  puma (2.11.0) lib/puma/thread_pool.rb:104:in `call'
  puma (2.11.0) lib/puma/thread_pool.rb:104:in `block in spawn_thread'


  Rendered /Users/martincarreroschmidt/.rvm/gems/ruby-2.2.3/gems/actionpack-4.2.0/lib/action_dispatch/middleware/templates/rescues/_source.erb (7.9ms)
  Rendered /Users/martincarreroschmidt/.rvm/gems/ruby-2.2.3/gems/actionpack-4.2.0/lib/action_dispatch/middleware/templates/rescues/_trace.html.erb (2.1ms)
  Rendered /Users/martincarreroschmidt/.rvm/gems/ruby-2.2.3/gems/actionpack-4.2.0/lib/action_dispatch/middleware/templates/rescues/_request_and_response.html.erb (1.5ms)
  Rendered /Users/martincarreroschmidt/.rvm/gems/ruby-2.2.3/gems/actionpack-4.2.0/lib/action_dispatch/middleware/templates/rescues/diagnostics.html.erb within rescues/layout (84.5ms)
  Rendered /Users/martincarreroschmidt/.rvm/gems/ruby-2.2.3/gems/web-console-2.1.2/lib/web_console/templates/_markup.html.erb (0.3ms)
  Rendered /Users/martincarreroschmidt/.rvm/gems/ruby-2.2.3/gems/web-console-2.1.2/lib/web_console/templates/style.css.erb within layouts/inlined_string (0.3ms)
  Rendered /Users/martincarreroschmidt/.rvm/gems/ruby-2.2.3/gems/web-console-2.1.2/lib/web_console/templates/_inner_console_markup.html.erb within layouts/inlined_string (0.4ms)
  Rendered /Users/martincarreroschmidt/.rvm/gems/ruby-2.2.3/gems/web-console-2.1.2/lib/web_console/templates/_prompt_box_markup.html.erb within layouts/inlined_string (0.3ms)
  Rendered /Users/martincarreroschmidt/.rvm/gems/ruby-2.2.3/gems/web-console-2.1.2/lib/web_console/templates/console.js.erb within layouts/javascript (47.8ms)
  Rendered /Users/martincarreroschmidt/.rvm/gems/ruby-2.2.3/gems/web-console-2.1.2/lib/web_console/templates/main.js.erb within layouts/javascript (0.5ms)
  Rendered /Users/martincarreroschmidt/.rvm/gems/ruby-2.2.3/gems/web-console-2.1.2/lib/web_console/templates/error_page.js.erb within layouts/javascript (0.4ms)
  Rendered /Users/martincarreroschmidt/.rvm/gems/ruby-2.2.3/gems/web-console-2.1.2/lib/web_console/templates/index.html.erb (129.2ms)


Started GET "/" for ::1 at 2016-02-16 12:28:18 -0500

ActiveRecord::NoDatabaseError (FATAL:  database "coder-pinterest_development" does not exist
):
  activerecord (4.2.0) lib/active_record/connection_adapters/postgresql_adapter.rb:661:in `rescue in connect'
  activerecord (4.2.0) lib/active_record/connection_adapters/postgresql_adapter.rb:651:in `connect'
  activerecord (4.2.0) lib/active_record/connection_adapters/postgresql_adapter.rb:242:in `initialize'
  activerecord (4.2.0) lib/active_record/connection_adapters/postgresql_adapter.rb:44:in `new'
  activerecord (4.2.0) lib/active_record/connection_adapters/postgresql_adapter.rb:44:in `postgresql_connection'
  activerecord (4.2.0) lib/active_record/connection_adapters/abstract/connection_pool.rb:436:in `new_connection'
  activerecord (4.2.0) lib/active_record/connection_adapters/abstract/connection_pool.rb:446:in `checkout_new_connection'
  activerecord (4.2.0) lib/active_record/connection_adapters/abstract/connection_pool.rb:422:in `acquire_connection'
  activerecord (4.2.0) lib/active_record/connection_adapters/abstract/connection_pool.rb:349:in `block in checkout'
  /Users/martincarreroschmidt/.rvm/rubies/ruby-2.2.3/lib/ruby/2.2.0/monitor.rb:211:in `mon_synchronize'
  activerecord (4.2.0) lib/active_record/connection_adapters/abstract/connection_pool.rb:348:in `checkout'
  activerecord (4.2.0) lib/active_record/connection_adapters/abstract/connection_pool.rb:263:in `block in connection'
  /Users/martincarreroschmidt/.rvm/rubies/ruby-2.2.3/lib/ruby/2.2.0/monitor.rb:211:in `mon_synchronize'
  activerecord (4.2.0) lib/active_record/connection_adapters/abstract/connection_pool.rb:262:in `connection'
  activerecord (4.2.0) lib/active_record/connection_adapters/abstract/connection_pool.rb:565:in `retrieve_connection'
  activerecord (4.2.0) lib/active_record/connection_handling.rb:113:in `retrieve_connection'
  activerecord (4.2.0) lib/active_record/connection_handling.rb:87:in `connection'
  activerecord (4.2.0) lib/active_record/migration.rb:384:in `connection'
  activerecord (4.2.0) lib/active_record/migration.rb:371:in `call'
  actionpack (4.2.0) lib/action_dispatch/middleware/callbacks.rb:29:in `block in call'
  activesupport (4.2.0) lib/active_support/callbacks.rb:88:in `call'
  activesupport (4.2.0) lib/active_support/callbacks.rb:88:in `_run_callbacks'
  activesupport (4.2.0) lib/active_support/callbacks.rb:734:in `_run_call_callbacks'
  activesupport (4.2.0) lib/active_support/callbacks.rb:81:in `run_callbacks'
  actionpack (4.2.0) lib/action_dispatch/middleware/callbacks.rb:27:in `call'
  actionpack (4.2.0) lib/action_dispatch/middleware/reloader.rb:73:in `call'
  actionpack (4.2.0) lib/action_dispatch/middleware/remote_ip.rb:78:in `call'
  actionpack (4.2.0) lib/action_dispatch/middleware/debug_exceptions.rb:17:in `call'
  web-console (2.1.2) lib/web_console/middleware.rb:37:in `call'
  actionpack (4.2.0) lib/action_dispatch/middleware/show_exceptions.rb:30:in `call'
  railties (4.2.0) lib/rails/rack/logger.rb:38:in `call_app'
  railties (4.2.0) lib/rails/rack/logger.rb:20:in `block in call'
  activesupport (4.2.0) lib/active_support/tagged_logging.rb:68:in `block in tagged'
  activesupport (4.2.0) lib/active_support/tagged_logging.rb:26:in `tagged'
  activesupport (4.2.0) lib/active_support/tagged_logging.rb:68:in `tagged'
  railties (4.2.0) lib/rails/rack/logger.rb:20:in `call'
  actionpack (4.2.0) lib/action_dispatch/middleware/request_id.rb:21:in `call'
  rack (1.6.0) lib/rack/methodoverride.rb:22:in `call'
  rack (1.6.0) lib/rack/runtime.rb:18:in `call'
  activesupport (4.2.0) lib/active_support/cache/strategy/local_cache_middleware.rb:28:in `call'
  rack (1.6.0) lib/rack/lock.rb:17:in `call'
  actionpack (4.2.0) lib/action_dispatch/middleware/static.rb:113:in `call'
  rack (1.6.0) lib/rack/sendfile.rb:113:in `call'
  railties (4.2.0) lib/rails/engine.rb:518:in `call'
  railties (4.2.0) lib/rails/application.rb:164:in `call'
  rack (1.6.0) lib/rack/content_length.rb:15:in `call'
  puma (2.11.0) lib/puma/server.rb:507:in `handle_request'
  puma (2.11.0) lib/puma/server.rb:375:in `process_client'
  puma (2.11.0) lib/puma/server.rb:262:in `block in run'
  puma (2.11.0) lib/puma/thread_pool.rb:104:in `call'
  puma (2.11.0) lib/puma/thread_pool.rb:104:in `block in spawn_thread'


  Rendered /Users/martincarreroschmidt/.rvm/gems/ruby-2.2.3/gems/actionpack-4.2.0/lib/action_dispatch/middleware/templates/rescues/_source.erb (2.6ms)
  Rendered /Users/martincarreroschmidt/.rvm/gems/ruby-2.2.3/gems/actionpack-4.2.0/lib/action_dispatch/middleware/templates/rescues/_trace.html.erb (1.6ms)
  Rendered /Users/martincarreroschmidt/.rvm/gems/ruby-2.2.3/gems/actionpack-4.2.0/lib/action_dispatch/middleware/templates/rescues/_request_and_response.html.erb (0.8ms)
  Rendered /Users/martincarreroschmidt/.rvm/gems/ruby-2.2.3/gems/actionpack-4.2.0/lib/action_dispatch/middleware/templates/rescues/diagnostics.html.erb within rescues/layout (48.0ms)
  Rendered /Users/martincarreroschmidt/.rvm/gems/ruby-2.2.3/gems/web-console-2.1.2/lib/web_console/templates/_markup.html.erb (0.4ms)
  Rendered /Users/martincarreroschmidt/.rvm/gems/ruby-2.2.3/gems/web-console-2.1.2/lib/web_console/templates/style.css.erb within layouts/inlined_string (0.4ms)
  Rendered /Users/martincarreroschmidt/.rvm/gems/ruby-2.2.3/gems/web-console-2.1.2/lib/web_console/templates/_inner_console_markup.html.erb within layouts/inlined_string (0.3ms)
  Rendered /Users/martincarreroschmidt/.rvm/gems/ruby-2.2.3/gems/web-console-2.1.2/lib/web_console/templates/_prompt_box_markup.html.erb within layouts/inlined_string (0.3ms)
  Rendered /Users/martincarreroschmidt/.rvm/gems/ruby-2.2.3/gems/web-console-2.1.2/lib/web_console/templates/console.js.erb within layouts/javascript (46.7ms)
  Rendered /Users/martincarreroschmidt/.rvm/gems/ruby-2.2.3/gems/web-console-2.1.2/lib/web_console/templates/main.js.erb within layouts/javascript (0.3ms)
  Rendered /Users/martincarreroschmidt/.rvm/gems/ruby-2.2.3/gems/web-console-2.1.2/lib/web_console/templates/error_page.js.erb within layouts/javascript (0.4ms)
  Rendered /Users/martincarreroschmidt/.rvm/gems/ruby-2.2.3/gems/web-console-2.1.2/lib/web_console/templates/index.html.erb (100.2ms)


Started GET "/" for ::1 at 2016-02-16 12:28:48 -0500

ActiveRecord::NoDatabaseError (FATAL:  database "coder-pinterest_development" does not exist
):
  activerecord (4.2.0) lib/active_record/connection_adapters/postgresql_adapter.rb:661:in `rescue in connect'
  activerecord (4.2.0) lib/active_record/connection_adapters/postgresql_adapter.rb:651:in `connect'
  activerecord (4.2.0) lib/active_record/connection_adapters/postgresql_adapter.rb:242:in `initialize'
  activerecord (4.2.0) lib/active_record/connection_adapters/postgresql_adapter.rb:44:in `new'
  activerecord (4.2.0) lib/active_record/connection_adapters/postgresql_adapter.rb:44:in `postgresql_connection'
  activerecord (4.2.0) lib/active_record/connection_adapters/abstract/connection_pool.rb:436:in `new_connection'
  activerecord (4.2.0) lib/active_record/connection_adapters/abstract/connection_pool.rb:446:in `checkout_new_connection'
  activerecord (4.2.0) lib/active_record/connection_adapters/abstract/connection_pool.rb:422:in `acquire_connection'
  activerecord (4.2.0) lib/active_record/connection_adapters/abstract/connection_pool.rb:349:in `block in checkout'
  /Users/martincarreroschmidt/.rvm/rubies/ruby-2.2.3/lib/ruby/2.2.0/monitor.rb:211:in `mon_synchronize'
  activerecord (4.2.0) lib/active_record/connection_adapters/abstract/connection_pool.rb:348:in `checkout'
  activerecord (4.2.0) lib/active_record/connection_adapters/abstract/connection_pool.rb:263:in `block in connection'
  /Users/martincarreroschmidt/.rvm/rubies/ruby-2.2.3/lib/ruby/2.2.0/monitor.rb:211:in `mon_synchronize'
  activerecord (4.2.0) lib/active_record/connection_adapters/abstract/connection_pool.rb:262:in `connection'
  activerecord (4.2.0) lib/active_record/connection_adapters/abstract/connection_pool.rb:565:in `retrieve_connection'
  activerecord (4.2.0) lib/active_record/connection_handling.rb:113:in `retrieve_connection'
  activerecord (4.2.0) lib/active_record/connection_handling.rb:87:in `connection'
  activerecord (4.2.0) lib/active_record/migration.rb:384:in `connection'
  activerecord (4.2.0) lib/active_record/migration.rb:371:in `call'
  actionpack (4.2.0) lib/action_dispatch/middleware/callbacks.rb:29:in `block in call'
  activesupport (4.2.0) lib/active_support/callbacks.rb:88:in `call'
  activesupport (4.2.0) lib/active_support/callbacks.rb:88:in `_run_callbacks'
  activesupport (4.2.0) lib/active_support/callbacks.rb:734:in `_run_call_callbacks'
  activesupport (4.2.0) lib/active_support/callbacks.rb:81:in `run_callbacks'
  actionpack (4.2.0) lib/action_dispatch/middleware/callbacks.rb:27:in `call'
  actionpack (4.2.0) lib/action_dispatch/middleware/reloader.rb:73:in `call'
  actionpack (4.2.0) lib/action_dispatch/middleware/remote_ip.rb:78:in `call'
  actionpack (4.2.0) lib/action_dispatch/middleware/debug_exceptions.rb:17:in `call'
  web-console (2.1.2) lib/web_console/middleware.rb:37:in `call'
  actionpack (4.2.0) lib/action_dispatch/middleware/show_exceptions.rb:30:in `call'
  railties (4.2.0) lib/rails/rack/logger.rb:38:in `call_app'
  railties (4.2.0) lib/rails/rack/logger.rb:20:in `block in call'
  activesupport (4.2.0) lib/active_support/tagged_logging.rb:68:in `block in tagged'
  activesupport (4.2.0) lib/active_support/tagged_logging.rb:26:in `tagged'
  activesupport (4.2.0) lib/active_support/tagged_logging.rb:68:in `tagged'
  railties (4.2.0) lib/rails/rack/logger.rb:20:in `call'
  actionpack (4.2.0) lib/action_dispatch/middleware/request_id.rb:21:in `call'
  rack (1.6.0) lib/rack/methodoverride.rb:22:in `call'
  rack (1.6.0) lib/rack/runtime.rb:18:in `call'
  activesupport (4.2.0) lib/active_support/cache/strategy/local_cache_middleware.rb:28:in `call'
  rack (1.6.0) lib/rack/lock.rb:17:in `call'
  actionpack (4.2.0) lib/action_dispatch/middleware/static.rb:113:in `call'
  rack (1.6.0) lib/rack/sendfile.rb:113:in `call'
  railties (4.2.0) lib/rails/engine.rb:518:in `call'
  railties (4.2.0) lib/rails/application.rb:164:in `call'
  rack (1.6.0) lib/rack/content_length.rb:15:in `call'
  puma (2.11.0) lib/puma/server.rb:507:in `handle_request'
  puma (2.11.0) lib/puma/server.rb:375:in `process_client'
  puma (2.11.0) lib/puma/server.rb:262:in `block in run'
  puma (2.11.0) lib/puma/thread_pool.rb:104:in `call'
  puma (2.11.0) lib/puma/thread_pool.rb:104:in `block in spawn_thread'


  Rendered /Users/martincarreroschmidt/.rvm/gems/ruby-2.2.3/gems/actionpack-4.2.0/lib/action_dispatch/middleware/templates/rescues/_source.erb (2.6ms)
  Rendered /Users/martincarreroschmidt/.rvm/gems/ruby-2.2.3/gems/actionpack-4.2.0/lib/action_dispatch/middleware/templates/rescues/_trace.html.erb (1.4ms)
  Rendered /Users/martincarreroschmidt/.rvm/gems/ruby-2.2.3/gems/actionpack-4.2.0/lib/action_dispatch/middleware/templates/rescues/_request_and_response.html.erb (0.9ms)
  Rendered /Users/martincarreroschmidt/.rvm/gems/ruby-2.2.3/gems/actionpack-4.2.0/lib/action_dispatch/middleware/templates/rescues/diagnostics.html.erb within rescues/layout (46.7ms)
  Rendered /Users/martincarreroschmidt/.rvm/gems/ruby-2.2.3/gems/web-console-2.1.2/lib/web_console/templates/_markup.html.erb (0.3ms)
  Rendered /Users/martincarreroschmidt/.rvm/gems/ruby-2.2.3/gems/web-console-2.1.2/lib/web_console/templates/style.css.erb within layouts/inlined_string (0.3ms)
  Rendered /Users/martincarreroschmidt/.rvm/gems/ruby-2.2.3/gems/web-console-2.1.2/lib/web_console/templates/_inner_console_markup.html.erb within layouts/inlined_string (0.3ms)
  Rendered /Users/martincarreroschmidt/.rvm/gems/ruby-2.2.3/gems/web-console-2.1.2/lib/web_console/templates/_prompt_box_markup.html.erb within layouts/inlined_string (0.3ms)
  Rendered /Users/martincarreroschmidt/.rvm/gems/ruby-2.2.3/gems/web-console-2.1.2/lib/web_console/templates/console.js.erb within layouts/javascript (51.4ms)
  Rendered /Users/martincarreroschmidt/.rvm/gems/ruby-2.2.3/gems/web-console-2.1.2/lib/web_console/templates/main.js.erb within layouts/javascript (0.3ms)
  Rendered /Users/martincarreroschmidt/.rvm/gems/ruby-2.2.3/gems/web-console-2.1.2/lib/web_console/templates/error_page.js.erb within layouts/javascript (0.6ms)
  Rendered /Users/martincarreroschmidt/.rvm/gems/ruby-2.2.3/gems/web-console-2.1.2/lib/web_console/templates/index.html.erb (131.7ms)
  [1m[36mSQL (0.4ms)[0m  [1mCREATE EXTENSION IF NOT EXISTS "plpgsql"[0m
  [1m[35m (19.8ms)[0m  CREATE TABLE "pins" ("id" serial primary key, "title" character varying, "url" character varying, "text" text, "slug" character varying, "resource_type" character varying) 
  [1m[36m (12.5ms)[0m  [1mCREATE TABLE "schema_migrations" ("version" character varying NOT NULL) [0m
  [1m[35m (2.1ms)[0m  CREATE UNIQUE INDEX  "unique_schema_migrations" ON "schema_migrations"  ("version")
  [1m[36m (0.3ms)[0m  [1mSELECT version FROM "schema_migrations"[0m
  [1m[35m (0.5ms)[0m  INSERT INTO "schema_migrations" (version) VALUES ('20150320022457')
  [1m[36m (0.4ms)[0m  [1mINSERT INTO "schema_migrations" (version) VALUES ('20150318194553')[0m
  [1m[35mSQL (0.4ms)[0m  CREATE EXTENSION IF NOT EXISTS "plpgsql"
  [1m[36m (16.2ms)[0m  [1mCREATE TABLE "pins" ("id" serial primary key, "title" character varying, "url" character varying, "text" text, "slug" character varying, "resource_type" character varying) [0m
  [1m[35m (2.2ms)[0m  CREATE TABLE "schema_migrations" ("version" character varying NOT NULL) 
  [1m[36m (1.9ms)[0m  [1mCREATE UNIQUE INDEX  "unique_schema_migrations" ON "schema_migrations"  ("version")[0m
  [1m[35m (0.5ms)[0m  SELECT version FROM "schema_migrations"
  [1m[36m (0.4ms)[0m  [1mINSERT INTO "schema_migrations" (version) VALUES ('20150320022457')[0m
  [1m[35m (0.3ms)[0m  INSERT INTO "schema_migrations" (version) VALUES ('20150318194553')
  [1m[36mActiveRecord::SchemaMigration Load (0.6ms)[0m  [1mSELECT "schema_migrations".* FROM "schema_migrations"[0m
  [1m[35m (0.3ms)[0m  BEGIN
  [1m[36mPin Exists (0.7ms)[0m  [1mSELECT  1 AS one FROM "pins" WHERE "pins"."slug" = 'rails-tutorial' LIMIT 1[0m
  [1m[35mSQL (0.4ms)[0m  INSERT INTO "pins" ("title", "url", "text", "slug", "resource_type") VALUES ($1, $2, $3, $4, $5) RETURNING "id"  [["title", "Rails Tutorial"], ["url", "https://www.railstutorial.org/"], ["text", "The trusted standard in self-directed introductions to Ruby on Rails. A complete treatment of all the essentials\n    required in most production Rails applications."], ["slug", "rails-tutorial"], ["resource_type", "rails"]]
  [1m[36m (0.4ms)[0m  [1mCOMMIT[0m
  [1m[35m (0.2ms)[0m  BEGIN
  [1m[36mPin Exists (0.3ms)[0m  [1mSELECT  1 AS one FROM "pins" WHERE "pins"."slug" = 'rails-for-zombies' LIMIT 1[0m
  [1m[35mSQL (0.2ms)[0m  INSERT INTO "pins" ("title", "url", "text", "slug", "resource_type") VALUES ($1, $2, $3, $4, $5) RETURNING "id"  [["title", "Rails for Zombies"], ["url", "http://railsforzombies.org"], ["text", "A fun, gamified way to hone your Rails skills! Come on...who doesn't like fighting zombies?!"], ["slug", "rails-for-zombies"], ["resource_type", "rails"]]
  [1m[36m (0.4ms)[0m  [1mCOMMIT[0m
  [1m[35m (0.2ms)[0m  BEGIN
  [1m[36mPin Exists (0.3ms)[0m  [1mSELECT  1 AS one FROM "pins" WHERE "pins"."slug" = 'try-ruby' LIMIT 1[0m
  [1m[35mSQL (0.2ms)[0m  INSERT INTO "pins" ("title", "url", "text", "slug", "resource_type") VALUES ($1, $2, $3, $4, $5) RETURNING "id"  [["title", "Try Ruby"], ["url", "http://tryruby.org/"], ["text", "An interactive, in-browser tutorial for the Ruby programming language. A thorough walkthrough of \n    Ruby's nuances, geared toward beginners."], ["slug", "try-ruby"], ["resource_type", "ruby"]]
  [1m[36m (0.2ms)[0m  [1mCOMMIT[0m
  [1m[35m (0.1ms)[0m  BEGIN
  [1m[36mPin Exists (0.2ms)[0m  [1mSELECT  1 AS one FROM "pins" WHERE "pins"."slug" = 'ruby-quiz' LIMIT 1[0m
  [1m[35mSQL (0.1ms)[0m  INSERT INTO "pins" ("title", "url", "text", "slug", "resource_type") VALUES ($1, $2, $3, $4, $5) RETURNING "id"  [["title", "Ruby Quiz"], ["url", "http://rubyquiz.org"], ["text", "A collection of quizzes on the Ruby programming language."], ["slug", "ruby-quiz"], ["resource_type", "ruby"]]
  [1m[36m (0.2ms)[0m  [1mCOMMIT[0m
  [1m[35m (0.1ms)[0m  BEGIN
  [1m[36mPin Exists (0.2ms)[0m  [1mSELECT  1 AS one FROM "pins" WHERE "pins"."slug" = 'ga-ror-for-developers' LIMIT 1[0m
  [1m[35mSQL (0.1ms)[0m  INSERT INTO "pins" ("title", "url", "text", "slug", "resource_type") VALUES ($1, $2, $3, $4, $5) RETURNING "id"  [["title", "Ruby on Rails for Developers"], ["url", "https://github.com/generalassembly/ga-ruby-on-rails-for-devs"], ["text", "Somewhat advanced curriculum, but the exercises are also good for anyone who is motivated and \n    self-guided with experience."], ["slug", "ga-ror-for-developers"], ["resource_type", "rails"]]
  [1m[36m (0.2ms)[0m  [1mCOMMIT[0m
  [1m[35m (0.1ms)[0m  BEGIN
  [1m[36mPin Exists (0.2ms)[0m  [1mSELECT  1 AS one FROM "pins" WHERE "pins"."slug" = 'ruby-monk' LIMIT 1[0m
  [1m[35mSQL (0.1ms)[0m  INSERT INTO "pins" ("title", "url", "text", "slug", "resource_type") VALUES ($1, $2, $3, $4, $5) RETURNING "id"  [["title", "Ruby Monk"], ["url", "http://rubymonk.com"], ["text", "The Ruby Primer is a free interactive book that helps you learn Ruby. Discover Ruby idioms, learn \n    lessons and solve problems, all in your browser!"], ["slug", "ruby-monk"], ["resource_type", "ruby"]]
  [1m[36m (0.2ms)[0m  [1mCOMMIT[0m


Started GET "/" for ::1 at 2016-02-16 12:29:31 -0500
  [1m[36mActiveRecord::SchemaMigration Load (0.3ms)[0m  [1mSELECT "schema_migrations".* FROM "schema_migrations"[0m
Processing by PinsController#index as HTML
  [1m[35mPin Load (0.9ms)[0m  SELECT "pins".* FROM "pins"
  Rendered pins/index.erb within layouts/application (22.0ms)
Completed 200 OK in 1154ms (Views: 1140.1ms | ActiveRecord: 4.3ms)


Started GET "/assets/jquery-87424c3c19e96d4fb033c10ebe21ec40.js?body=1" for ::1 at 2016-02-16 12:29:32 -0500


Started GET "/assets/jquery_ujs-e27bd20a10d28155845a22d71ef94f2f.js?body=1" for ::1 at 2016-02-16 12:29:32 -0500


Started GET "/assets/cosmo-bootswatch-theme-450effffe2a267bc84c90be0448c1ea9.css?body=1" for ::1 at 2016-02-16 12:29:32 -0500


Started GET "/assets/turbolinks-f87b3583ca50adb0488b031297f5580d.js?body=1" for ::1 at 2016-02-16 12:29:32 -0500


Started GET "/assets/pins-f69f081f62c3f03416f389972c275854.css?body=1" for ::1 at 2016-02-16 12:29:32 -0500


Started GET "/assets/application-5e969d358b72c35fa1ba1e2210cf985b.css?body=1" for ::1 at 2016-02-16 12:29:32 -0500


Started GET "/assets/application-bc105cf26f847567b5eae624a793b626.js?body=1" for ::1 at 2016-02-16 12:29:32 -0500


Started GET "/assets/turbolinks-f87b3583ca50adb0488b031297f5580d.js?body=1" for ::1 at 2016-02-16 12:29:32 -0500


Started GET "/pins/1" for ::1 at 2016-02-16 12:33:22 -0500
Processing by PinsController#show as HTML
  Parameters: {"id"=>"1"}
  [1m[36mPin Load (0.2ms)[0m  [1mSELECT  "pins".* FROM "pins" WHERE "pins"."id" = $1 LIMIT 1[0m  [["id", 1]]
  Rendered pins/show.erb within layouts/application (23.9ms)
Completed 500 Internal Server Error in 50ms

ActionView::Template::Error (undefined local variable or method `pin' for #<#<Class:0x007f92d336fcf0>:0x007f92d4e2b648>):
    10:   <hr/>
    11:   <p>
    12:     <b>Visit <%= "#{@pin.title}" %> at: </b>
    13:     <a class="url" href="<%= "#{pin.url}" %>" target="_blank">
    14:       <%= "#{pin.url}" %>
    15:     </a>
    16:   </p>
  app/views/pins/show.erb:13:in `_app_views_pins_show_erb__3214524611520374834_70134306785940'


  Rendered /Users/martincarreroschmidt/.rvm/gems/ruby-2.2.3/gems/actionpack-4.2.0/lib/action_dispatch/middleware/templates/rescues/_source.erb (4.1ms)
  Rendered /Users/martincarreroschmidt/.rvm/gems/ruby-2.2.3/gems/actionpack-4.2.0/lib/action_dispatch/middleware/templates/rescues/_trace.html.erb (1.9ms)
  Rendered /Users/martincarreroschmidt/.rvm/gems/ruby-2.2.3/gems/actionpack-4.2.0/lib/action_dispatch/middleware/templates/rescues/_request_and_response.html.erb (0.6ms)
  Rendered /Users/martincarreroschmidt/.rvm/gems/ruby-2.2.3/gems/actionpack-4.2.0/lib/action_dispatch/middleware/templates/rescues/template_error.html.erb within rescues/layout (39.0ms)
  Rendered /Users/martincarreroschmidt/.rvm/gems/ruby-2.2.3/gems/web-console-2.1.2/lib/web_console/templates/_markup.html.erb (0.5ms)
  Rendered /Users/martincarreroschmidt/.rvm/gems/ruby-2.2.3/gems/web-console-2.1.2/lib/web_console/templates/style.css.erb within layouts/inlined_string (0.3ms)
  Rendered /Users/martincarreroschmidt/.rvm/gems/ruby-2.2.3/gems/web-console-2.1.2/lib/web_console/templates/_inner_console_markup.html.erb within layouts/inlined_string (0.2ms)
  Rendered /Users/martincarreroschmidt/.rvm/gems/ruby-2.2.3/gems/web-console-2.1.2/lib/web_console/templates/_prompt_box_markup.html.erb within layouts/inlined_string (0.4ms)
  Rendered /Users/martincarreroschmidt/.rvm/gems/ruby-2.2.3/gems/web-console-2.1.2/lib/web_console/templates/console.js.erb within layouts/javascript (39.1ms)
  Rendered /Users/martincarreroschmidt/.rvm/gems/ruby-2.2.3/gems/web-console-2.1.2/lib/web_console/templates/main.js.erb within layouts/javascript (0.2ms)
  Rendered /Users/martincarreroschmidt/.rvm/gems/ruby-2.2.3/gems/web-console-2.1.2/lib/web_console/templates/error_page.js.erb within layouts/javascript (0.3ms)
  Rendered /Users/martincarreroschmidt/.rvm/gems/ruby-2.2.3/gems/web-console-2.1.2/lib/web_console/templates/index.html.erb (88.3ms)


Started GET "/pins/1" for ::1 at 2016-02-16 12:33:22 -0500
Processing by PinsController#show as HTML
  Parameters: {"id"=>"1"}
  [1m[35mPin Load (0.4ms)[0m  SELECT  "pins".* FROM "pins" WHERE "pins"."id" = $1 LIMIT 1  [["id", 1]]
  Rendered pins/show.erb within layouts/application (9.7ms)
Completed 500 Internal Server Error in 23ms

ActionView::Template::Error (undefined local variable or method `pin' for #<#<Class:0x007f92d336fcf0>:0x007f92d443e950>):
    10:   <hr/>
    11:   <p>
    12:     <b>Visit <%= "#{@pin.title}" %> at: </b>
    13:     <a class="url" href="<%= "#{pin.url}" %>" target="_blank">
    14:       <%= "#{pin.url}" %>
    15:     </a>
    16:   </p>
  app/views/pins/show.erb:13:in `_app_views_pins_show_erb__3214524611520374834_70134301582300'


  Rendered /Users/martincarreroschmidt/.rvm/gems/ruby-2.2.3/gems/actionpack-4.2.0/lib/action_dispatch/middleware/templates/rescues/_source.erb (6.4ms)
  Rendered /Users/martincarreroschmidt/.rvm/gems/ruby-2.2.3/gems/actionpack-4.2.0/lib/action_dispatch/middleware/templates/rescues/_trace.html.erb (3.2ms)
  Rendered /Users/martincarreroschmidt/.rvm/gems/ruby-2.2.3/gems/actionpack-4.2.0/lib/action_dispatch/middleware/templates/rescues/_request_and_response.html.erb (1.9ms)
  Rendered /Users/martincarreroschmidt/.rvm/gems/ruby-2.2.3/gems/actionpack-4.2.0/lib/action_dispatch/middleware/templates/rescues/template_error.html.erb within rescues/layout (59.5ms)
  Rendered /Users/martincarreroschmidt/.rvm/gems/ruby-2.2.3/gems/web-console-2.1.2/lib/web_console/templates/_markup.html.erb (0.3ms)
  Rendered /Users/martincarreroschmidt/.rvm/gems/ruby-2.2.3/gems/web-console-2.1.2/lib/web_console/templates/style.css.erb within layouts/inlined_string (0.4ms)
  Rendered /Users/martincarreroschmidt/.rvm/gems/ruby-2.2.3/gems/web-console-2.1.2/lib/web_console/templates/_inner_console_markup.html.erb within layouts/inlined_string (0.2ms)
  Rendered /Users/martincarreroschmidt/.rvm/gems/ruby-2.2.3/gems/web-console-2.1.2/lib/web_console/templates/_prompt_box_markup.html.erb within layouts/inlined_string (0.3ms)
  Rendered /Users/martincarreroschmidt/.rvm/gems/ruby-2.2.3/gems/web-console-2.1.2/lib/web_console/templates/console.js.erb within layouts/javascript (45.7ms)
  Rendered /Users/martincarreroschmidt/.rvm/gems/ruby-2.2.3/gems/web-console-2.1.2/lib/web_console/templates/main.js.erb within layouts/javascript (0.2ms)
  Rendered /Users/martincarreroschmidt/.rvm/gems/ruby-2.2.3/gems/web-console-2.1.2/lib/web_console/templates/error_page.js.erb within layouts/javascript (0.3ms)
  Rendered /Users/martincarreroschmidt/.rvm/gems/ruby-2.2.3/gems/web-console-2.1.2/lib/web_console/templates/index.html.erb (100.4ms)


Started GET "/pins/2" for ::1 at 2016-02-16 12:33:37 -0500
Processing by PinsController#show as HTML
  Parameters: {"id"=>"2"}
  [1m[36mPin Load (0.4ms)[0m  [1mSELECT  "pins".* FROM "pins" WHERE "pins"."id" = $1 LIMIT 1[0m  [["id", 2]]
  Rendered pins/show.erb within layouts/application (11.4ms)
Completed 500 Internal Server Error in 15ms

ActionView::Template::Error (undefined local variable or method `pin' for #<#<Class:0x007f92d336fcf0>:0x007f92d48eb6b0>):
    10:   <hr/>
    11:   <p>
    12:     <b>Visit <%= "#{@pin.title}" %> at: </b>
    13:     <a class="url" href="<%= "#{pin.url}" %>" target="_blank">
    14:       <%= "#{pin.url}" %>
    15:     </a>
    16:   </p>
  app/views/pins/show.erb:13:in `_app_views_pins_show_erb__3214524611520374834_70134306785940'


  Rendered /Users/martincarreroschmidt/.rvm/gems/ruby-2.2.3/gems/actionpack-4.2.0/lib/action_dispatch/middleware/templates/rescues/_source.erb (4.5ms)
  Rendered /Users/martincarreroschmidt/.rvm/gems/ruby-2.2.3/gems/actionpack-4.2.0/lib/action_dispatch/middleware/templates/rescues/_trace.html.erb (1.7ms)
  Rendered /Users/martincarreroschmidt/.rvm/gems/ruby-2.2.3/gems/actionpack-4.2.0/lib/action_dispatch/middleware/templates/rescues/_request_and_response.html.erb (0.6ms)
  Rendered /Users/martincarreroschmidt/.rvm/gems/ruby-2.2.3/gems/actionpack-4.2.0/lib/action_dispatch/middleware/templates/rescues/template_error.html.erb within rescues/layout (40.4ms)
  Rendered /Users/martincarreroschmidt/.rvm/gems/ruby-2.2.3/gems/web-console-2.1.2/lib/web_console/templates/_markup.html.erb (0.4ms)
  Rendered /Users/martincarreroschmidt/.rvm/gems/ruby-2.2.3/gems/web-console-2.1.2/lib/web_console/templates/style.css.erb within layouts/inlined_string (0.3ms)
  Rendered /Users/martincarreroschmidt/.rvm/gems/ruby-2.2.3/gems/web-console-2.1.2/lib/web_console/templates/_inner_console_markup.html.erb within layouts/inlined_string (0.1ms)
  Rendered /Users/martincarreroschmidt/.rvm/gems/ruby-2.2.3/gems/web-console-2.1.2/lib/web_console/templates/_prompt_box_markup.html.erb within layouts/inlined_string (0.2ms)
  Rendered /Users/martincarreroschmidt/.rvm/gems/ruby-2.2.3/gems/web-console-2.1.2/lib/web_console/templates/console.js.erb within layouts/javascript (35.9ms)
  Rendered /Users/martincarreroschmidt/.rvm/gems/ruby-2.2.3/gems/web-console-2.1.2/lib/web_console/templates/main.js.erb within layouts/javascript (0.4ms)
  Rendered /Users/martincarreroschmidt/.rvm/gems/ruby-2.2.3/gems/web-console-2.1.2/lib/web_console/templates/error_page.js.erb within layouts/javascript (0.3ms)
  Rendered /Users/martincarreroschmidt/.rvm/gems/ruby-2.2.3/gems/web-console-2.1.2/lib/web_console/templates/index.html.erb (96.3ms)


Started GET "/pins/2" for ::1 at 2016-02-16 12:33:37 -0500
Processing by PinsController#show as HTML
  Parameters: {"id"=>"2"}
  [1m[35mPin Load (0.3ms)[0m  SELECT  "pins".* FROM "pins" WHERE "pins"."id" = $1 LIMIT 1  [["id", 2]]
  Rendered pins/show.erb within layouts/application (6.9ms)
Completed 500 Internal Server Error in 10ms

ActionView::Template::Error (undefined local variable or method `pin' for #<#<Class:0x007f92d336fcf0>:0x007f92d7831f78>):
    10:   <hr/>
    11:   <p>
    12:     <b>Visit <%= "#{@pin.title}" %> at: </b>
    13:     <a class="url" href="<%= "#{pin.url}" %>" target="_blank">
    14:       <%= "#{pin.url}" %>
    15:     </a>
    16:   </p>
  app/views/pins/show.erb:13:in `_app_views_pins_show_erb__3214524611520374834_70134301582300'


  Rendered /Users/martincarreroschmidt/.rvm/gems/ruby-2.2.3/gems/actionpack-4.2.0/lib/action_dispatch/middleware/templates/rescues/_source.erb (4.0ms)
  Rendered /Users/martincarreroschmidt/.rvm/gems/ruby-2.2.3/gems/actionpack-4.2.0/lib/action_dispatch/middleware/templates/rescues/_trace.html.erb (1.7ms)
  Rendered /Users/martincarreroschmidt/.rvm/gems/ruby-2.2.3/gems/actionpack-4.2.0/lib/action_dispatch/middleware/templates/rescues/_request_and_response.html.erb (0.6ms)
  Rendered /Users/martincarreroschmidt/.rvm/gems/ruby-2.2.3/gems/actionpack-4.2.0/lib/action_dispatch/middleware/templates/rescues/template_error.html.erb within rescues/layout (39.1ms)
  Rendered /Users/martincarreroschmidt/.rvm/gems/ruby-2.2.3/gems/web-console-2.1.2/lib/web_console/templates/_markup.html.erb (0.4ms)
  Rendered /Users/martincarreroschmidt/.rvm/gems/ruby-2.2.3/gems/web-console-2.1.2/lib/web_console/templates/style.css.erb within layouts/inlined_string (0.4ms)
  Rendered /Users/martincarreroschmidt/.rvm/gems/ruby-2.2.3/gems/web-console-2.1.2/lib/web_console/templates/_inner_console_markup.html.erb within layouts/inlined_string (0.2ms)
  Rendered /Users/martincarreroschmidt/.rvm/gems/ruby-2.2.3/gems/web-console-2.1.2/lib/web_console/templates/_prompt_box_markup.html.erb within layouts/inlined_string (0.3ms)
  Rendered /Users/martincarreroschmidt/.rvm/gems/ruby-2.2.3/gems/web-console-2.1.2/lib/web_console/templates/console.js.erb within layouts/javascript (35.9ms)
  Rendered /Users/martincarreroschmidt/.rvm/gems/ruby-2.2.3/gems/web-console-2.1.2/lib/web_console/templates/main.js.erb within layouts/javascript (0.4ms)
  Rendered /Users/martincarreroschmidt/.rvm/gems/ruby-2.2.3/gems/web-console-2.1.2/lib/web_console/templates/error_page.js.erb within layouts/javascript (0.3ms)
  Rendered /Users/martincarreroschmidt/.rvm/gems/ruby-2.2.3/gems/web-console-2.1.2/lib/web_console/templates/index.html.erb (98.9ms)


Started GET "/pins/3" for ::1 at 2016-02-16 12:33:47 -0500
Processing by PinsController#show as HTML
  Parameters: {"id"=>"3"}
  [1m[36mPin Load (0.4ms)[0m  [1mSELECT  "pins".* FROM "pins" WHERE "pins"."id" = $1 LIMIT 1[0m  [["id", 3]]
  Rendered pins/show.erb within layouts/application (8.1ms)
Completed 500 Internal Server Error in 12ms

ActionView::Template::Error (undefined local variable or method `pin' for #<#<Class:0x007f92d336fcf0>:0x007f92d4bc1880>):
    10:   <hr/>
    11:   <p>
    12:     <b>Visit <%= "#{@pin.title}" %> at: </b>
    13:     <a class="url" href="<%= "#{pin.url}" %>" target="_blank">
    14:       <%= "#{pin.url}" %>
    15:     </a>
    16:   </p>
  app/views/pins/show.erb:13:in `_app_views_pins_show_erb__3214524611520374834_70134306785940'


  Rendered /Users/martincarreroschmidt/.rvm/gems/ruby-2.2.3/gems/actionpack-4.2.0/lib/action_dispatch/middleware/templates/rescues/_source.erb (8.2ms)
  Rendered /Users/martincarreroschmidt/.rvm/gems/ruby-2.2.3/gems/actionpack-4.2.0/lib/action_dispatch/middleware/templates/rescues/_trace.html.erb (2.1ms)
  Rendered /Users/martincarreroschmidt/.rvm/gems/ruby-2.2.3/gems/actionpack-4.2.0/lib/action_dispatch/middleware/templates/rescues/_request_and_response.html.erb (0.6ms)
  Rendered /Users/martincarreroschmidt/.rvm/gems/ruby-2.2.3/gems/actionpack-4.2.0/lib/action_dispatch/middleware/templates/rescues/template_error.html.erb within rescues/layout (45.1ms)
  Rendered /Users/martincarreroschmidt/.rvm/gems/ruby-2.2.3/gems/web-console-2.1.2/lib/web_console/templates/_markup.html.erb (0.5ms)
  Rendered /Users/martincarreroschmidt/.rvm/gems/ruby-2.2.3/gems/web-console-2.1.2/lib/web_console/templates/style.css.erb within layouts/inlined_string (0.3ms)
  Rendered /Users/martincarreroschmidt/.rvm/gems/ruby-2.2.3/gems/web-console-2.1.2/lib/web_console/templates/_inner_console_markup.html.erb within layouts/inlined_string (0.2ms)
  Rendered /Users/martincarreroschmidt/.rvm/gems/ruby-2.2.3/gems/web-console-2.1.2/lib/web_console/templates/_prompt_box_markup.html.erb within layouts/inlined_string (0.5ms)
  Rendered /Users/martincarreroschmidt/.rvm/gems/ruby-2.2.3/gems/web-console-2.1.2/lib/web_console/templates/console.js.erb within layouts/javascript (51.9ms)
  Rendered /Users/martincarreroschmidt/.rvm/gems/ruby-2.2.3/gems/web-console-2.1.2/lib/web_console/templates/main.js.erb within layouts/javascript (0.2ms)
  Rendered /Users/martincarreroschmidt/.rvm/gems/ruby-2.2.3/gems/web-console-2.1.2/lib/web_console/templates/error_page.js.erb within layouts/javascript (0.7ms)
  Rendered /Users/martincarreroschmidt/.rvm/gems/ruby-2.2.3/gems/web-console-2.1.2/lib/web_console/templates/index.html.erb (109.9ms)


Started GET "/pins/3" for ::1 at 2016-02-16 12:33:47 -0500
Processing by PinsController#show as HTML
  Parameters: {"id"=>"3"}
  [1m[35mPin Load (0.6ms)[0m  SELECT  "pins".* FROM "pins" WHERE "pins"."id" = $1 LIMIT 1  [["id", 3]]
  Rendered pins/show.erb within layouts/application (10.8ms)
Completed 500 Internal Server Error in 15ms

ActionView::Template::Error (undefined local variable or method `pin' for #<#<Class:0x007f92d336fcf0>:0x007f92d35f2a18>):
    10:   <hr/>
    11:   <p>
    12:     <b>Visit <%= "#{@pin.title}" %> at: </b>
    13:     <a class="url" href="<%= "#{pin.url}" %>" target="_blank">
    14:       <%= "#{pin.url}" %>
    15:     </a>
    16:   </p>
  app/views/pins/show.erb:13:in `_app_views_pins_show_erb__3214524611520374834_70134301582300'


  Rendered /Users/martincarreroschmidt/.rvm/gems/ruby-2.2.3/gems/actionpack-4.2.0/lib/action_dispatch/middleware/templates/rescues/_source.erb (5.3ms)
  Rendered /Users/martincarreroschmidt/.rvm/gems/ruby-2.2.3/gems/actionpack-4.2.0/lib/action_dispatch/middleware/templates/rescues/_trace.html.erb (2.5ms)
  Rendered /Users/martincarreroschmidt/.rvm/gems/ruby-2.2.3/gems/actionpack-4.2.0/lib/action_dispatch/middleware/templates/rescues/_request_and_response.html.erb (0.7ms)
  Rendered /Users/martincarreroschmidt/.rvm/gems/ruby-2.2.3/gems/actionpack-4.2.0/lib/action_dispatch/middleware/templates/rescues/template_error.html.erb within rescues/layout (48.3ms)
  Rendered /Users/martincarreroschmidt/.rvm/gems/ruby-2.2.3/gems/web-console-2.1.2/lib/web_console/templates/_markup.html.erb (0.4ms)
  Rendered /Users/martincarreroschmidt/.rvm/gems/ruby-2.2.3/gems/web-console-2.1.2/lib/web_console/templates/style.css.erb within layouts/inlined_string (0.3ms)
  Rendered /Users/martincarreroschmidt/.rvm/gems/ruby-2.2.3/gems/web-console-2.1.2/lib/web_console/templates/_inner_console_markup.html.erb within layouts/inlined_string (1.3ms)
  Rendered /Users/martincarreroschmidt/.rvm/gems/ruby-2.2.3/gems/web-console-2.1.2/lib/web_console/templates/_prompt_box_markup.html.erb within layouts/inlined_string (0.4ms)
  Rendered /Users/martincarreroschmidt/.rvm/gems/ruby-2.2.3/gems/web-console-2.1.2/lib/web_console/templates/console.js.erb within layouts/javascript (55.4ms)
  Rendered /Users/martincarreroschmidt/.rvm/gems/ruby-2.2.3/gems/web-console-2.1.2/lib/web_console/templates/main.js.erb within layouts/javascript (0.3ms)
  Rendered /Users/martincarreroschmidt/.rvm/gems/ruby-2.2.3/gems/web-console-2.1.2/lib/web_console/templates/error_page.js.erb within layouts/javascript (1.1ms)
  Rendered /Users/martincarreroschmidt/.rvm/gems/ruby-2.2.3/gems/web-console-2.1.2/lib/web_console/templates/index.html.erb (126.0ms)


Started GET "/pins/4" for ::1 at 2016-02-16 12:33:54 -0500
Processing by PinsController#show as HTML
  Parameters: {"id"=>"4"}
  [1m[36mPin Load (0.2ms)[0m  [1mSELECT  "pins".* FROM "pins" WHERE "pins"."id" = $1 LIMIT 1[0m  [["id", 4]]
  Rendered pins/show.erb within layouts/application (7.5ms)
Completed 500 Internal Server Error in 11ms

ActionView::Template::Error (undefined local variable or method `pin' for #<#<Class:0x007f92d336fcf0>:0x007f92d4d886f0>):
    10:   <hr/>
    11:   <p>
    12:     <b>Visit <%= "#{@pin.title}" %> at: </b>
    13:     <a class="url" href="<%= "#{pin.url}" %>" target="_blank">
    14:       <%= "#{pin.url}" %>
    15:     </a>
    16:   </p>
  app/views/pins/show.erb:13:in `_app_views_pins_show_erb__3214524611520374834_70134306785940'


  Rendered /Users/martincarreroschmidt/.rvm/gems/ruby-2.2.3/gems/actionpack-4.2.0/lib/action_dispatch/middleware/templates/rescues/_source.erb (4.6ms)
  Rendered /Users/martincarreroschmidt/.rvm/gems/ruby-2.2.3/gems/actionpack-4.2.0/lib/action_dispatch/middleware/templates/rescues/_trace.html.erb (2.0ms)
  Rendered /Users/martincarreroschmidt/.rvm/gems/ruby-2.2.3/gems/actionpack-4.2.0/lib/action_dispatch/middleware/templates/rescues/_request_and_response.html.erb (0.6ms)
  Rendered /Users/martincarreroschmidt/.rvm/gems/ruby-2.2.3/gems/actionpack-4.2.0/lib/action_dispatch/middleware/templates/rescues/template_error.html.erb within rescues/layout (39.4ms)
  Rendered /Users/martincarreroschmidt/.rvm/gems/ruby-2.2.3/gems/web-console-2.1.2/lib/web_console/templates/_markup.html.erb (0.5ms)
  Rendered /Users/martincarreroschmidt/.rvm/gems/ruby-2.2.3/gems/web-console-2.1.2/lib/web_console/templates/style.css.erb within layouts/inlined_string (0.3ms)
  Rendered /Users/martincarreroschmidt/.rvm/gems/ruby-2.2.3/gems/web-console-2.1.2/lib/web_console/templates/_inner_console_markup.html.erb within layouts/inlined_string (0.2ms)
  Rendered /Users/martincarreroschmidt/.rvm/gems/ruby-2.2.3/gems/web-console-2.1.2/lib/web_console/templates/_prompt_box_markup.html.erb within layouts/inlined_string (0.2ms)
  Rendered /Users/martincarreroschmidt/.rvm/gems/ruby-2.2.3/gems/web-console-2.1.2/lib/web_console/templates/console.js.erb within layouts/javascript (37.1ms)
  Rendered /Users/martincarreroschmidt/.rvm/gems/ruby-2.2.3/gems/web-console-2.1.2/lib/web_console/templates/main.js.erb within layouts/javascript (0.3ms)
  Rendered /Users/martincarreroschmidt/.rvm/gems/ruby-2.2.3/gems/web-console-2.1.2/lib/web_console/templates/error_page.js.erb within layouts/javascript (0.3ms)
  Rendered /Users/martincarreroschmidt/.rvm/gems/ruby-2.2.3/gems/web-console-2.1.2/lib/web_console/templates/index.html.erb (100.3ms)


Started GET "/pins/4" for ::1 at 2016-02-16 12:33:54 -0500
Processing by PinsController#show as HTML
  Parameters: {"id"=>"4"}
  [1m[35mPin Load (0.3ms)[0m  SELECT  "pins".* FROM "pins" WHERE "pins"."id" = $1 LIMIT 1  [["id", 4]]
  Rendered pins/show.erb within layouts/application (10.6ms)
Completed 500 Internal Server Error in 14ms

ActionView::Template::Error (undefined local variable or method `pin' for #<#<Class:0x007f92d336fcf0>:0x007f92d325fba8>):
    10:   <hr/>
    11:   <p>
    12:     <b>Visit <%= "#{@pin.title}" %> at: </b>
    13:     <a class="url" href="<%= "#{pin.url}" %>" target="_blank">
    14:       <%= "#{pin.url}" %>
    15:     </a>
    16:   </p>
  app/views/pins/show.erb:13:in `_app_views_pins_show_erb__3214524611520374834_70134301582300'


  Rendered /Users/martincarreroschmidt/.rvm/gems/ruby-2.2.3/gems/actionpack-4.2.0/lib/action_dispatch/middleware/templates/rescues/_source.erb (4.1ms)
  Rendered /Users/martincarreroschmidt/.rvm/gems/ruby-2.2.3/gems/actionpack-4.2.0/lib/action_dispatch/middleware/templates/rescues/_trace.html.erb (1.9ms)
  Rendered /Users/martincarreroschmidt/.rvm/gems/ruby-2.2.3/gems/actionpack-4.2.0/lib/action_dispatch/middleware/templates/rescues/_request_and_response.html.erb (0.6ms)
  Rendered /Users/martincarreroschmidt/.rvm/gems/ruby-2.2.3/gems/actionpack-4.2.0/lib/action_dispatch/middleware/templates/rescues/template_error.html.erb within rescues/layout (39.4ms)
  Rendered /Users/martincarreroschmidt/.rvm/gems/ruby-2.2.3/gems/web-console-2.1.2/lib/web_console/templates/_markup.html.erb (0.3ms)
  Rendered /Users/martincarreroschmidt/.rvm/gems/ruby-2.2.3/gems/web-console-2.1.2/lib/web_console/templates/style.css.erb within layouts/inlined_string (0.3ms)
  Rendered /Users/martincarreroschmidt/.rvm/gems/ruby-2.2.3/gems/web-console-2.1.2/lib/web_console/templates/_inner_console_markup.html.erb within layouts/inlined_string (0.2ms)
  Rendered /Users/martincarreroschmidt/.rvm/gems/ruby-2.2.3/gems/web-console-2.1.2/lib/web_console/templates/_prompt_box_markup.html.erb within layouts/inlined_string (0.2ms)
  Rendered /Users/martincarreroschmidt/.rvm/gems/ruby-2.2.3/gems/web-console-2.1.2/lib/web_console/templates/console.js.erb within layouts/javascript (37.0ms)
  Rendered /Users/martincarreroschmidt/.rvm/gems/ruby-2.2.3/gems/web-console-2.1.2/lib/web_console/templates/main.js.erb within layouts/javascript (0.4ms)
  Rendered /Users/martincarreroschmidt/.rvm/gems/ruby-2.2.3/gems/web-console-2.1.2/lib/web_console/templates/error_page.js.erb within layouts/javascript (0.4ms)
  Rendered /Users/martincarreroschmidt/.rvm/gems/ruby-2.2.3/gems/web-console-2.1.2/lib/web_console/templates/index.html.erb (95.8ms)


Started GET "/pins" for ::1 at 2016-02-16 12:34:50 -0500
Processing by PinsController#index as HTML
  [1m[36mPin Load (0.5ms)[0m  [1mSELECT "pins".* FROM "pins"[0m
  Rendered pins/index.erb within layouts/application (1.7ms)
Completed 200 OK in 23ms (Views: 22.1ms | ActiveRecord: 0.5ms)


Started GET "/assets/turbolinks-f87b3583ca50adb0488b031297f5580d.js?body=1" for ::1 at 2016-02-16 12:34:50 -0500


Started GET "/pins" for ::1 at 2016-02-16 12:34:56 -0500
Processing by PinsController#index as HTML
  [1m[35mPin Load (0.5ms)[0m  SELECT "pins".* FROM "pins"
  Rendered pins/index.erb within layouts/application (1.4ms)
Completed 200 OK in 28ms (Views: 26.9ms | ActiveRecord: 0.5ms)


Started GET "/assets/turbolinks-f87b3583ca50adb0488b031297f5580d.js?body=1" for ::1 at 2016-02-16 12:34:56 -0500


Started GET "/pins/1" for ::1 at 2016-02-16 12:35:01 -0500
Processing by PinsController#show as HTML
  Parameters: {"id"=>"1"}
  [1m[36mPin Load (0.3ms)[0m  [1mSELECT  "pins".* FROM "pins" WHERE "pins"."id" = $1 LIMIT 1[0m  [["id", 1]]
  Rendered pins/show.erb within layouts/application (7.6ms)
Completed 500 Internal Server Error in 11ms

ActionView::Template::Error (undefined local variable or method `pin' for #<#<Class:0x007f92d336fcf0>:0x007f92d35a1b18>):
    10:   <hr/>
    11:   <p>
    12:     <b>Visit <%= "#{@pin.title}" %> at: </b>
    13:     <a class="url" href="<%= "#{pin.url}" %>" target="_blank">
    14:       <%= "#{pin.url}" %>
    15:     </a>
    16:   </p>
  app/views/pins/show.erb:13:in `_app_views_pins_show_erb__3214524611520374834_70134306785940'


  Rendered /Users/martincarreroschmidt/.rvm/gems/ruby-2.2.3/gems/actionpack-4.2.0/lib/action_dispatch/middleware/templates/rescues/_source.erb (4.4ms)
  Rendered /Users/martincarreroschmidt/.rvm/gems/ruby-2.2.3/gems/actionpack-4.2.0/lib/action_dispatch/middleware/templates/rescues/_trace.html.erb (1.8ms)
  Rendered /Users/martincarreroschmidt/.rvm/gems/ruby-2.2.3/gems/actionpack-4.2.0/lib/action_dispatch/middleware/templates/rescues/_request_and_response.html.erb (0.7ms)
  Rendered /Users/martincarreroschmidt/.rvm/gems/ruby-2.2.3/gems/actionpack-4.2.0/lib/action_dispatch/middleware/templates/rescues/template_error.html.erb within rescues/layout (39.9ms)
  Rendered /Users/martincarreroschmidt/.rvm/gems/ruby-2.2.3/gems/web-console-2.1.2/lib/web_console/templates/_markup.html.erb (0.6ms)
  Rendered /Users/martincarreroschmidt/.rvm/gems/ruby-2.2.3/gems/web-console-2.1.2/lib/web_console/templates/style.css.erb within layouts/inlined_string (0.2ms)
  Rendered /Users/martincarreroschmidt/.rvm/gems/ruby-2.2.3/gems/web-console-2.1.2/lib/web_console/templates/_inner_console_markup.html.erb within layouts/inlined_string (0.2ms)
  Rendered /Users/martincarreroschmidt/.rvm/gems/ruby-2.2.3/gems/web-console-2.1.2/lib/web_console/templates/_prompt_box_markup.html.erb within layouts/inlined_string (0.4ms)
  Rendered /Users/martincarreroschmidt/.rvm/gems/ruby-2.2.3/gems/web-console-2.1.2/lib/web_console/templates/console.js.erb within layouts/javascript (44.2ms)
  Rendered /Users/martincarreroschmidt/.rvm/gems/ruby-2.2.3/gems/web-console-2.1.2/lib/web_console/templates/main.js.erb within layouts/javascript (0.3ms)
  Rendered /Users/martincarreroschmidt/.rvm/gems/ruby-2.2.3/gems/web-console-2.1.2/lib/web_console/templates/error_page.js.erb within layouts/javascript (0.3ms)
  Rendered /Users/martincarreroschmidt/.rvm/gems/ruby-2.2.3/gems/web-console-2.1.2/lib/web_console/templates/index.html.erb (100.6ms)


Started GET "/pins/1" for ::1 at 2016-02-16 12:35:01 -0500
Processing by PinsController#show as HTML
  Parameters: {"id"=>"1"}
  [1m[35mPin Load (0.2ms)[0m  SELECT  "pins".* FROM "pins" WHERE "pins"."id" = $1 LIMIT 1  [["id", 1]]
  Rendered pins/show.erb within layouts/application (10.0ms)
Completed 500 Internal Server Error in 22ms

ActionView::Template::Error (undefined local variable or method `pin' for #<#<Class:0x007f92d336fcf0>:0x007f92d4d52b68>):
    10:   <hr/>
    11:   <p>
    12:     <b>Visit <%= "#{@pin.title}" %> at: </b>
    13:     <a class="url" href="<%= "#{pin.url}" %>" target="_blank">
    14:       <%= "#{pin.url}" %>
    15:     </a>
    16:   </p>
  app/views/pins/show.erb:13:in `_app_views_pins_show_erb__3214524611520374834_70134301582300'


  Rendered /Users/martincarreroschmidt/.rvm/gems/ruby-2.2.3/gems/actionpack-4.2.0/lib/action_dispatch/middleware/templates/rescues/_source.erb (4.4ms)
  Rendered /Users/martincarreroschmidt/.rvm/gems/ruby-2.2.3/gems/actionpack-4.2.0/lib/action_dispatch/middleware/templates/rescues/_trace.html.erb (2.0ms)
  Rendered /Users/martincarreroschmidt/.rvm/gems/ruby-2.2.3/gems/actionpack-4.2.0/lib/action_dispatch/middleware/templates/rescues/_request_and_response.html.erb (1.0ms)
  Rendered /Users/martincarreroschmidt/.rvm/gems/ruby-2.2.3/gems/actionpack-4.2.0/lib/action_dispatch/middleware/templates/rescues/template_error.html.erb within rescues/layout (40.1ms)
  Rendered /Users/martincarreroschmidt/.rvm/gems/ruby-2.2.3/gems/web-console-2.1.2/lib/web_console/templates/_markup.html.erb (0.3ms)
  Rendered /Users/martincarreroschmidt/.rvm/gems/ruby-2.2.3/gems/web-console-2.1.2/lib/web_console/templates/style.css.erb within layouts/inlined_string (0.3ms)
  Rendered /Users/martincarreroschmidt/.rvm/gems/ruby-2.2.3/gems/web-console-2.1.2/lib/web_console/templates/_inner_console_markup.html.erb within layouts/inlined_string (0.2ms)
  Rendered /Users/martincarreroschmidt/.rvm/gems/ruby-2.2.3/gems/web-console-2.1.2/lib/web_console/templates/_prompt_box_markup.html.erb within layouts/inlined_string (0.4ms)
  Rendered /Users/martincarreroschmidt/.rvm/gems/ruby-2.2.3/gems/web-console-2.1.2/lib/web_console/templates/console.js.erb within layouts/javascript (43.8ms)
  Rendered /Users/martincarreroschmidt/.rvm/gems/ruby-2.2.3/gems/web-console-2.1.2/lib/web_console/templates/main.js.erb within layouts/javascript (0.3ms)
  Rendered /Users/martincarreroschmidt/.rvm/gems/ruby-2.2.3/gems/web-console-2.1.2/lib/web_console/templates/error_page.js.erb within layouts/javascript (0.3ms)
  Rendered /Users/martincarreroschmidt/.rvm/gems/ruby-2.2.3/gems/web-console-2.1.2/lib/web_console/templates/index.html.erb (91.7ms)


Started GET "/pins" for ::1 at 2016-02-16 12:35:53 -0500
  [1m[36mActiveRecord::SchemaMigration Load (0.3ms)[0m  [1mSELECT "schema_migrations".* FROM "schema_migrations"[0m
Processing by PinsController#index as HTML
  [1m[35mPin Load (0.5ms)[0m  SELECT "pins".* FROM "pins"
  Rendered pins/index.erb within layouts/application (6.9ms)
Completed 200 OK in 90ms (Views: 79.1ms | ActiveRecord: 2.4ms)


Started GET "/assets/cosmo-bootswatch-theme-450effffe2a267bc84c90be0448c1ea9.css?body=1" for ::1 at 2016-02-16 12:35:53 -0500


Started GET "/assets/turbolinks-f87b3583ca50adb0488b031297f5580d.js?body=1" for ::1 at 2016-02-16 12:35:53 -0500


Started GET "/assets/pins-f69f081f62c3f03416f389972c275854.css?body=1" for ::1 at 2016-02-16 12:35:53 -0500


Started GET "/assets/jquery-87424c3c19e96d4fb033c10ebe21ec40.js?body=1" for ::1 at 2016-02-16 12:35:53 -0500


Started GET "/assets/jquery_ujs-e27bd20a10d28155845a22d71ef94f2f.js?body=1" for ::1 at 2016-02-16 12:35:53 -0500


Started GET "/assets/application-5e969d358b72c35fa1ba1e2210cf985b.css?body=1" for ::1 at 2016-02-16 12:35:53 -0500


Started GET "/assets/application-bc105cf26f847567b5eae624a793b626.js?body=1" for ::1 at 2016-02-16 12:35:53 -0500


Started GET "/" for ::1 at 2016-02-16 12:38:11 -0500
  [1m[36mActiveRecord::SchemaMigration Load (0.4ms)[0m  [1mSELECT "schema_migrations".* FROM "schema_migrations"[0m
Processing by PinsController#index as HTML
  [1m[35mPin Load (0.5ms)[0m  SELECT "pins".* FROM "pins"
  Rendered pins/index.erb within layouts/application (7.3ms)
Completed 200 OK in 78ms (Views: 68.3ms | ActiveRecord: 2.5ms)


Started GET "/assets/cosmo-bootswatch-theme-450effffe2a267bc84c90be0448c1ea9.css?body=1" for ::1 at 2016-02-16 12:38:12 -0500


Started GET "/assets/pins-f69f081f62c3f03416f389972c275854.css?body=1" for ::1 at 2016-02-16 12:38:12 -0500


Started GET "/assets/application-5e969d358b72c35fa1ba1e2210cf985b.css?body=1" for ::1 at 2016-02-16 12:38:12 -0500


Started GET "/assets/jquery-87424c3c19e96d4fb033c10ebe21ec40.js?body=1" for ::1 at 2016-02-16 12:38:12 -0500


Started GET "/assets/jquery_ujs-e27bd20a10d28155845a22d71ef94f2f.js?body=1" for ::1 at 2016-02-16 12:38:12 -0500


Started GET "/assets/turbolinks-f87b3583ca50adb0488b031297f5580d.js?body=1" for ::1 at 2016-02-16 12:38:12 -0500


Started GET "/assets/application-bc105cf26f847567b5eae624a793b626.js?body=1" for ::1 at 2016-02-16 12:38:12 -0500


Started GET "/pins" for ::1 at 2016-02-16 12:38:21 -0500
Processing by PinsController#index as HTML
  [1m[36mPin Load (0.4ms)[0m  [1mSELECT "pins".* FROM "pins"[0m
  Rendered pins/index.erb within layouts/application (1.3ms)
Completed 200 OK in 25ms (Views: 23.9ms | ActiveRecord: 0.4ms)


Started GET "/assets/cosmo-bootswatch-theme-450effffe2a267bc84c90be0448c1ea9.css?body=1" for ::1 at 2016-02-16 12:38:21 -0500


Started GET "/assets/turbolinks-f87b3583ca50adb0488b031297f5580d.js?body=1" for ::1 at 2016-02-16 12:38:21 -0500


Started GET "/assets/application-bc105cf26f847567b5eae624a793b626.js?body=1" for ::1 at 2016-02-16 12:38:21 -0500


Started GET "/assets/jquery-87424c3c19e96d4fb033c10ebe21ec40.js?body=1" for ::1 at 2016-02-16 12:38:21 -0500


Started GET "/assets/application-5e969d358b72c35fa1ba1e2210cf985b.css?body=1" for ::1 at 2016-02-16 12:38:21 -0500


Started GET "/assets/pins-f69f081f62c3f03416f389972c275854.css?body=1" for ::1 at 2016-02-16 12:38:21 -0500


Started GET "/assets/jquery_ujs-e27bd20a10d28155845a22d71ef94f2f.js?body=1" for ::1 at 2016-02-16 12:38:21 -0500


Started GET "/pins" for ::1 at 2016-02-16 12:39:11 -0500
  [1m[36mActiveRecord::SchemaMigration Load (0.3ms)[0m  [1mSELECT "schema_migrations".* FROM "schema_migrations"[0m
Processing by PinsController#index as HTML
  [1m[35mPin Load (0.5ms)[0m  SELECT "pins".* FROM "pins"
  Rendered pins/index.erb within layouts/application (7.3ms)
Completed 200 OK in 75ms (Views: 65.0ms | ActiveRecord: 2.5ms)


Started GET "/assets/cosmo-bootswatch-theme-450effffe2a267bc84c90be0448c1ea9.css?body=1" for ::1 at 2016-02-16 12:39:11 -0500


Started GET "/assets/jquery-87424c3c19e96d4fb033c10ebe21ec40.js?body=1" for ::1 at 2016-02-16 12:39:11 -0500


Started GET "/assets/jquery_ujs-e27bd20a10d28155845a22d71ef94f2f.js?body=1" for ::1 at 2016-02-16 12:39:11 -0500


Started GET "/assets/pins-f69f081f62c3f03416f389972c275854.css?body=1" for ::1 at 2016-02-16 12:39:11 -0500


Started GET "/assets/application-5e969d358b72c35fa1ba1e2210cf985b.css?body=1" for ::1 at 2016-02-16 12:39:11 -0500


Started GET "/assets/turbolinks-f87b3583ca50adb0488b031297f5580d.js?body=1" for ::1 at 2016-02-16 12:39:11 -0500


Started GET "/assets/application-bc105cf26f847567b5eae624a793b626.js?body=1" for ::1 at 2016-02-16 12:39:11 -0500


Started GET "/" for ::1 at 2016-02-16 12:39:17 -0500
Processing by PinsController#index as HTML
  [1m[36mPin Load (0.4ms)[0m  [1mSELECT "pins".* FROM "pins"[0m
  Rendered pins/index.erb within layouts/application (1.4ms)
Completed 200 OK in 24ms (Views: 23.5ms | ActiveRecord: 0.4ms)


Started GET "/assets/cosmo-bootswatch-theme-450effffe2a267bc84c90be0448c1ea9.css?body=1" for ::1 at 2016-02-16 12:39:17 -0500


Started GET "/assets/pins-f69f081f62c3f03416f389972c275854.css?body=1" for ::1 at 2016-02-16 12:39:17 -0500


Started GET "/assets/jquery-87424c3c19e96d4fb033c10ebe21ec40.js?body=1" for ::1 at 2016-02-16 12:39:17 -0500


Started GET "/assets/application-5e969d358b72c35fa1ba1e2210cf985b.css?body=1" for ::1 at 2016-02-16 12:39:17 -0500


Started GET "/assets/turbolinks-f87b3583ca50adb0488b031297f5580d.js?body=1" for ::1 at 2016-02-16 12:39:17 -0500


Started GET "/assets/jquery_ujs-e27bd20a10d28155845a22d71ef94f2f.js?body=1" for ::1 at 2016-02-16 12:39:17 -0500


Started GET "/assets/application-bc105cf26f847567b5eae624a793b626.js?body=1" for ::1 at 2016-02-16 12:39:17 -0500


Started GET "/pins" for ::1 at 2016-02-16 12:39:30 -0500
Processing by PinsController#index as HTML
  [1m[35mPin Load (0.3ms)[0m  SELECT "pins".* FROM "pins"
  Rendered pins/index.erb within layouts/application (1.0ms)
Completed 200 OK in 25ms (Views: 24.5ms | ActiveRecord: 0.3ms)


Started GET "/assets/cosmo-bootswatch-theme-450effffe2a267bc84c90be0448c1ea9.css?body=1" for ::1 at 2016-02-16 12:39:30 -0500


Started GET "/assets/turbolinks-f87b3583ca50adb0488b031297f5580d.js?body=1" for ::1 at 2016-02-16 12:39:30 -0500


Started GET "/assets/application-bc105cf26f847567b5eae624a793b626.js?body=1" for ::1 at 2016-02-16 12:39:30 -0500


Started GET "/assets/jquery-87424c3c19e96d4fb033c10ebe21ec40.js?body=1" for ::1 at 2016-02-16 12:39:30 -0500


Started GET "/assets/application-5e969d358b72c35fa1ba1e2210cf985b.css?body=1" for ::1 at 2016-02-16 12:39:30 -0500


Started GET "/assets/pins-f69f081f62c3f03416f389972c275854.css?body=1" for ::1 at 2016-02-16 12:39:30 -0500


Started GET "/assets/jquery_ujs-e27bd20a10d28155845a22d71ef94f2f.js?body=1" for ::1 at 2016-02-16 12:39:30 -0500


Started GET "/pins/new" for ::1 at 2016-02-16 12:39:32 -0500

AbstractController::ActionNotFound (The action 'new' could not be found for PinsController):
  actionpack (4.2.0) lib/abstract_controller/base.rb:132:in `process'
  actionview (4.2.0) lib/action_view/rendering.rb:30:in `process'
  actionpack (4.2.0) lib/action_controller/metal.rb:195:in `dispatch'
  actionpack (4.2.0) lib/action_controller/metal/rack_delegation.rb:13:in `dispatch'
  actionpack (4.2.0) lib/action_controller/metal.rb:236:in `block in action'
  actionpack (4.2.0) lib/action_dispatch/routing/route_set.rb:73:in `call'
  actionpack (4.2.0) lib/action_dispatch/routing/route_set.rb:73:in `dispatch'
  actionpack (4.2.0) lib/action_dispatch/routing/route_set.rb:42:in `serve'
  actionpack (4.2.0) lib/action_dispatch/journey/router.rb:43:in `block in serve'
  actionpack (4.2.0) lib/action_dispatch/journey/router.rb:30:in `each'
  actionpack (4.2.0) lib/action_dispatch/journey/router.rb:30:in `serve'
  actionpack (4.2.0) lib/action_dispatch/routing/route_set.rb:802:in `call'
  rack (1.6.0) lib/rack/etag.rb:24:in `call'
  rack (1.6.0) lib/rack/conditionalget.rb:25:in `call'
  rack (1.6.0) lib/rack/head.rb:13:in `call'
  actionpack (4.2.0) lib/action_dispatch/middleware/params_parser.rb:27:in `call'
  actionpack (4.2.0) lib/action_dispatch/middleware/flash.rb:260:in `call'
  rack (1.6.0) lib/rack/session/abstract/id.rb:225:in `context'
  rack (1.6.0) lib/rack/session/abstract/id.rb:220:in `call'
  actionpack (4.2.0) lib/action_dispatch/middleware/cookies.rb:560:in `call'
  activerecord (4.2.0) lib/active_record/query_cache.rb:36:in `call'
  activerecord (4.2.0) lib/active_record/connection_adapters/abstract/connection_pool.rb:647:in `call'
  activerecord (4.2.0) lib/active_record/migration.rb:378:in `call'
  actionpack (4.2.0) lib/action_dispatch/middleware/callbacks.rb:29:in `block in call'
  activesupport (4.2.0) lib/active_support/callbacks.rb:88:in `call'
  activesupport (4.2.0) lib/active_support/callbacks.rb:88:in `_run_callbacks'
  activesupport (4.2.0) lib/active_support/callbacks.rb:734:in `_run_call_callbacks'
  activesupport (4.2.0) lib/active_support/callbacks.rb:81:in `run_callbacks'
  actionpack (4.2.0) lib/action_dispatch/middleware/callbacks.rb:27:in `call'
  actionpack (4.2.0) lib/action_dispatch/middleware/reloader.rb:73:in `call'
  actionpack (4.2.0) lib/action_dispatch/middleware/remote_ip.rb:78:in `call'
  actionpack (4.2.0) lib/action_dispatch/middleware/debug_exceptions.rb:17:in `call'
  web-console (2.1.2) lib/web_console/middleware.rb:37:in `call'
  actionpack (4.2.0) lib/action_dispatch/middleware/show_exceptions.rb:30:in `call'
  railties (4.2.0) lib/rails/rack/logger.rb:38:in `call_app'
  railties (4.2.0) lib/rails/rack/logger.rb:20:in `block in call'
  activesupport (4.2.0) lib/active_support/tagged_logging.rb:68:in `block in tagged'
  activesupport (4.2.0) lib/active_support/tagged_logging.rb:26:in `tagged'
  activesupport (4.2.0) lib/active_support/tagged_logging.rb:68:in `tagged'
  railties (4.2.0) lib/rails/rack/logger.rb:20:in `call'
  actionpack (4.2.0) lib/action_dispatch/middleware/request_id.rb:21:in `call'
  rack (1.6.0) lib/rack/methodoverride.rb:22:in `call'
  rack (1.6.0) lib/rack/runtime.rb:18:in `call'
  activesupport (4.2.0) lib/active_support/cache/strategy/local_cache_middleware.rb:28:in `call'
  rack (1.6.0) lib/rack/lock.rb:17:in `call'
  actionpack (4.2.0) lib/action_dispatch/middleware/static.rb:113:in `call'
  rack (1.6.0) lib/rack/sendfile.rb:113:in `call'
  railties (4.2.0) lib/rails/engine.rb:518:in `call'
  railties (4.2.0) lib/rails/application.rb:164:in `call'
  rack (1.6.0) lib/rack/content_length.rb:15:in `call'
  puma (2.11.0) lib/puma/server.rb:507:in `handle_request'
  puma (2.11.0) lib/puma/server.rb:375:in `process_client'
  puma (2.11.0) lib/puma/server.rb:262:in `block in run'
  puma (2.11.0) lib/puma/thread_pool.rb:104:in `call'
  puma (2.11.0) lib/puma/thread_pool.rb:104:in `block in spawn_thread'


  Rendered /Users/martincarreroschmidt/.rvm/gems/ruby-2.2.3/gems/actionpack-4.2.0/lib/action_dispatch/middleware/templates/rescues/unknown_action.html.erb within rescues/layout (0.3ms)
  Rendered /Users/martincarreroschmidt/.rvm/gems/ruby-2.2.3/gems/web-console-2.1.2/lib/web_console/templates/_markup.html.erb (0.2ms)
  Rendered /Users/martincarreroschmidt/.rvm/gems/ruby-2.2.3/gems/web-console-2.1.2/lib/web_console/templates/style.css.erb within layouts/inlined_string (0.5ms)
  Rendered /Users/martincarreroschmidt/.rvm/gems/ruby-2.2.3/gems/web-console-2.1.2/lib/web_console/templates/_inner_console_markup.html.erb within layouts/inlined_string (0.3ms)
  Rendered /Users/martincarreroschmidt/.rvm/gems/ruby-2.2.3/gems/web-console-2.1.2/lib/web_console/templates/_prompt_box_markup.html.erb within layouts/inlined_string (0.2ms)
  Rendered /Users/martincarreroschmidt/.rvm/gems/ruby-2.2.3/gems/web-console-2.1.2/lib/web_console/templates/console.js.erb within layouts/javascript (48.6ms)
  Rendered /Users/martincarreroschmidt/.rvm/gems/ruby-2.2.3/gems/web-console-2.1.2/lib/web_console/templates/main.js.erb within layouts/javascript (0.2ms)
  Rendered /Users/martincarreroschmidt/.rvm/gems/ruby-2.2.3/gems/web-console-2.1.2/lib/web_console/templates/error_page.js.erb within layouts/javascript (0.5ms)
  Rendered /Users/martincarreroschmidt/.rvm/gems/ruby-2.2.3/gems/web-console-2.1.2/lib/web_console/templates/index.html.erb (100.1ms)


Started GET "/" for ::1 at 2016-02-16 13:55:06 -0500
  [1m[36mActiveRecord::SchemaMigration Load (0.4ms)[0m  [1mSELECT "schema_migrations".* FROM "schema_migrations"[0m
Processing by PinsController#index as HTML
  [1m[35mPin Load (0.6ms)[0m  SELECT "pins".* FROM "pins"
  Rendered pins/index.erb within layouts/application (19.0ms)
Completed 200 OK in 112ms (Views: 89.2ms | ActiveRecord: 13.3ms)


Started GET "/assets/cosmo-bootswatch-theme-450effffe2a267bc84c90be0448c1ea9.css?body=1" for ::1 at 2016-02-16 13:55:06 -0500


Started GET "/assets/application-5e969d358b72c35fa1ba1e2210cf985b.css?body=1" for ::1 at 2016-02-16 13:55:06 -0500


Started GET "/assets/pins-f69f081f62c3f03416f389972c275854.css?body=1" for ::1 at 2016-02-16 13:55:06 -0500


Started GET "/assets/jquery_ujs-e27bd20a10d28155845a22d71ef94f2f.js?body=1" for ::1 at 2016-02-16 13:55:06 -0500


Started GET "/assets/turbolinks-f87b3583ca50adb0488b031297f5580d.js?body=1" for ::1 at 2016-02-16 13:55:06 -0500


Started GET "/assets/jquery-87424c3c19e96d4fb033c10ebe21ec40.js?body=1" for ::1 at 2016-02-16 13:55:06 -0500


Started GET "/assets/application-bc105cf26f847567b5eae624a793b626.js?body=1" for ::1 at 2016-02-16 13:55:06 -0500


Started GET "/pins/1" for ::1 at 2016-02-16 13:55:16 -0500
Processing by PinsController#show as HTML
  Parameters: {"id"=>"1"}
  [1m[36mPin Load (0.4ms)[0m  [1mSELECT  "pins".* FROM "pins" WHERE "pins"."id" = $1 LIMIT 1[0m  [["id", 1]]
  Rendered pins/show.erb within layouts/application (13.6ms)
Completed 500 Internal Server Error in 24ms

ActionView::Template::Error (undefined local variable or method `pin' for #<#<Class:0x007fce64c9cb80>:0x007fce65b02ee0>):
    10:   <hr/>
    11:   <p>
    12:     <b>Visit <%= "#{@pin.title}" %> at: </b>
    13:     <a class="url" href="<%= "#{pin.url}" %>" target="_blank">
    14:       <%= "#{pin.url}" %>
    15:     </a>
    16:   </p>
  app/views/pins/show.erb:13:in `_app_views_pins_show_erb___4375799915184676700_70262223014480'


  Rendered /Users/martincarreroschmidt/.rvm/gems/ruby-2.2.3/gems/actionpack-4.2.0/lib/action_dispatch/middleware/templates/rescues/_source.erb (4.8ms)
  Rendered /Users/martincarreroschmidt/.rvm/gems/ruby-2.2.3/gems/actionpack-4.2.0/lib/action_dispatch/middleware/templates/rescues/_trace.html.erb (2.0ms)
  Rendered /Users/martincarreroschmidt/.rvm/gems/ruby-2.2.3/gems/actionpack-4.2.0/lib/action_dispatch/middleware/templates/rescues/_request_and_response.html.erb (0.7ms)
  Rendered /Users/martincarreroschmidt/.rvm/gems/ruby-2.2.3/gems/actionpack-4.2.0/lib/action_dispatch/middleware/templates/rescues/template_error.html.erb within rescues/layout (43.8ms)
  Rendered /Users/martincarreroschmidt/.rvm/gems/ruby-2.2.3/gems/web-console-2.1.2/lib/web_console/templates/_markup.html.erb (0.3ms)
  Rendered /Users/martincarreroschmidt/.rvm/gems/ruby-2.2.3/gems/web-console-2.1.2/lib/web_console/templates/style.css.erb within layouts/inlined_string (0.4ms)
  Rendered /Users/martincarreroschmidt/.rvm/gems/ruby-2.2.3/gems/web-console-2.1.2/lib/web_console/templates/_inner_console_markup.html.erb within layouts/inlined_string (0.3ms)
  Rendered /Users/martincarreroschmidt/.rvm/gems/ruby-2.2.3/gems/web-console-2.1.2/lib/web_console/templates/_prompt_box_markup.html.erb within layouts/inlined_string (0.2ms)
  Rendered /Users/martincarreroschmidt/.rvm/gems/ruby-2.2.3/gems/web-console-2.1.2/lib/web_console/templates/console.js.erb within layouts/javascript (51.5ms)
  Rendered /Users/martincarreroschmidt/.rvm/gems/ruby-2.2.3/gems/web-console-2.1.2/lib/web_console/templates/main.js.erb within layouts/javascript (0.5ms)
  Rendered /Users/martincarreroschmidt/.rvm/gems/ruby-2.2.3/gems/web-console-2.1.2/lib/web_console/templates/error_page.js.erb within layouts/javascript (0.4ms)
  Rendered /Users/martincarreroschmidt/.rvm/gems/ruby-2.2.3/gems/web-console-2.1.2/lib/web_console/templates/index.html.erb (131.9ms)


Started GET "/pins/1" for ::1 at 2016-02-16 13:57:14 -0500
  [1m[36mActiveRecord::SchemaMigration Load (0.5ms)[0m  [1mSELECT "schema_migrations".* FROM "schema_migrations"[0m
Processing by PinsController#show as HTML
  Parameters: {"id"=>"1"}
  [1m[35mPin Load (0.5ms)[0m  SELECT  "pins".* FROM "pins" WHERE "pins"."id" = $1 LIMIT 1  [["id", 1]]
  Rendered pins/show.erb within layouts/application (1.0ms)
Completed 200 OK in 87ms (Views: 67.0ms | ActiveRecord: 2.9ms)


Started GET "/assets/cosmo-bootswatch-theme-450effffe2a267bc84c90be0448c1ea9.css?body=1" for ::1 at 2016-02-16 13:57:15 -0500


Started GET "/assets/pins-f69f081f62c3f03416f389972c275854.css?body=1" for ::1 at 2016-02-16 13:57:15 -0500


Started GET "/assets/application-5e969d358b72c35fa1ba1e2210cf985b.css?body=1" for ::1 at 2016-02-16 13:57:15 -0500


Started GET "/assets/jquery_ujs-e27bd20a10d28155845a22d71ef94f2f.js?body=1" for ::1 at 2016-02-16 13:57:15 -0500


Started GET "/assets/jquery-87424c3c19e96d4fb033c10ebe21ec40.js?body=1" for ::1 at 2016-02-16 13:57:15 -0500


Started GET "/assets/turbolinks-f87b3583ca50adb0488b031297f5580d.js?body=1" for ::1 at 2016-02-16 13:57:15 -0500


Started GET "/assets/application-bc105cf26f847567b5eae624a793b626.js?body=1" for ::1 at 2016-02-16 13:57:15 -0500


Started GET "/" for ::1 at 2016-02-16 13:57:22 -0500
Processing by PinsController#index as HTML
  [1m[36mPin Load (0.4ms)[0m  [1mSELECT "pins".* FROM "pins"[0m
  Rendered pins/index.erb within layouts/application (1.7ms)
Completed 200 OK in 27ms (Views: 26.1ms | ActiveRecord: 0.4ms)
